[ 2017-09-01T00:15:32+08:00 ] ::1 /myTaoBao/index.php/Public/css/index.css
INFO: [ app_init ] --START--
INFO: Run Behavior\BuildLiteBehavior [ RunTime:0.000049s ]
INFO: [ app_init ] --END-- [ RunTime:0.000872s ]
ERR: 无法加载模块:Public

[ 2017-09-01T00:15:32+08:00 ] ::1 /myTaoBao/index.php/Public/js/regExpManger.js
INFO: [ app_init ] --START--
INFO: Run Behavior\BuildLiteBehavior [ RunTime:0.000056s ]
INFO: [ app_init ] --END-- [ RunTime:0.000851s ]
ERR: 无法加载模块:Public

[ 2017-09-01T00:15:32+08:00 ] ::1 /myTaoBao/index.php/Public/js/generateCode.js
INFO: [ app_init ] --START--
INFO: Run Behavior\BuildLiteBehavior [ RunTime:0.000048s ]
INFO: [ app_init ] --END-- [ RunTime:0.000836s ]
ERR: 无法加载模块:Public

[ 2017-09-01T00:15:32+08:00 ] ::1 /myTaoBao/index.php/Public/js/register.js
INFO: [ app_init ] --START--
INFO: Run Behavior\BuildLiteBehavior [ RunTime:0.000077s ]
INFO: [ app_init ] --END-- [ RunTime:0.001038s ]
ERR: 无法加载模块:Public

[ 2017-09-01T00:15:32+08:00 ] ::1 /myTaoBao/index.php/Public/js/regExpManger.js
INFO: [ app_init ] --START--
INFO: Run Behavior\BuildLiteBehavior [ RunTime:0.000049s ]
INFO: [ app_init ] --END-- [ RunTime:0.000938s ]
ERR: 无法加载模块:Public

[ 2017-09-01T00:15:32+08:00 ] ::1 /myTaoBao/index.php/Public/js/generateCode.js
INFO: [ app_init ] --START--
INFO: Run Behavior\BuildLiteBehavior [ RunTime:0.000029s ]
INFO: [ app_init ] --END-- [ RunTime:0.000694s ]
ERR: 无法加载模块:Public

[ 2017-09-01T00:15:32+08:00 ] ::1 /myTaoBao/index.php/Public/js/register.js
INFO: [ app_init ] --START--
INFO: Run Behavior\BuildLiteBehavior [ RunTime:0.000027s ]
INFO: [ app_init ] --END-- [ RunTime:0.000528s ]
ERR: 无法加载模块:Public

[ 2017-09-01T00:15:33+08:00 ] ::1 /myTaoBao/index.php/Public/js/regExpManger.js
INFO: [ app_init ] --START--
INFO: Run Behavior\BuildLiteBehavior [ RunTime:0.000049s ]
INFO: [ app_init ] --END-- [ RunTime:0.000883s ]
ERR: 无法加载模块:Public

[ 2017-09-01T00:15:33+08:00 ] ::1 /myTaoBao/index.php/Public/js/register.js
INFO: [ app_init ] --START--
INFO: Run Behavior\BuildLiteBehavior [ RunTime:0.000048s ]
INFO: [ app_init ] --END-- [ RunTime:0.000849s ]
ERR: 无法加载模块:Public



[ 2017-09-01T00:15:33+08:00 ] ::1 /myTaoBao/index.php/Public/css/index.css
INFO: [ app_init ] --START--
INFO: Run Behavior\BuildLiteBehavior [ RunTime:0.000029s ]
INFO: [ app_init ] --END-- [ RunTime:0.000549s ]
ERR: 无法加载模块:Public

[ 2017-09-01T00:15:33+08:00 ] ::1 /myTaoBao/index.php/Public/js/generateCode.js
INFO: [ app_init ] --START--
INFO: Run Behavior\BuildLiteBehavior [ RunTime:0.000042s ]
INFO: [ app_init ] --END-- [ RunTime:0.000678s ]
ERR: 无法加载模块:Public

[ 2017-09-01T00:15:33+08:00 ] ::1 /myTaoBao/index.php/Public/js/register.js
INFO: [ app_init ] --START--
INFO: Run Behavior\BuildLiteBehavior [ RunTime:0.000027s ]
INFO: [ app_init ] --END-- [ RunTime:0.000605s ]
ERR: 无法加载模块:Public

[ 2017-09-01T00:15:37+08:00 ] ::1 /myTaoBao/index.php/Public/js/generateCode.js
INFO: [ app_init ] --START--
INFO: Run Behavior\BuildLiteBehavior [ RunTime:0.000047s ]
INFO: [ app_init ] --END-- [ RunTime:0.000947s ]
ERR: 无法加载模块:Public

[ 2017-09-01T00:15:37+08:00 ] ::1 /myTaoBao/index.php/Public/js/register.js
INFO: [ app_init ] --START--
INFO: Run Behavior\BuildLiteBehavior [ RunTime:0.000049s ]
INFO: [ app_init ] --END-- [ RunTime:0.000808s ]
ERR: 无法加载模块:Public

[ 2017-09-01T00:15:37+08:00 ] ::1 /myTaoBao/index.php/Public/js/regExpManger.js
INFO: [ app_init ] --START--
INFO: Run Behavior\BuildLiteBehavior [ RunTime:0.000057s ]
INFO: [ app_init ] --END-- [ RunTime:0.009388s ]
ERR: 无法加载模块:Public

[ 2017-09-01T00:15:37+08:00 ] ::1 /myTaoBao/index.php/Public/css/index.css
INFO: [ app_init ] --START--
INFO: Run Behavior\BuildLiteBehavior [ RunTime:0.000080s ]
INFO: [ app_init ] --END-- [ RunTime:0.001060s ]
ERR: 无法加载模块:Public

[ 2017-09-01T00:15:37+08:00 ] ::1 /myTaoBao/index.php/Public/js/generateCode.js
INFO: [ app_init ] --START--
INFO: Run Behavior\BuildLiteBehavior [ RunTime:0.000045s ]
INFO: [ app_init ] --END-- [ RunTime:0.000634s ]
ERR: 无法加载模块:Public

[ 2017-09-01T00:15:37+08:00 ] ::1 /myTaoBao/index.php/Public/js/register.js
INFO: [ app_init ] --START--
INFO: Run Behavior\BuildLiteBehavior [ RunTime:0.000035s ]
INFO: [ app_init ] --END-- [ RunTime:0.000505s ]
ERR: 无法加载模块:Public

[ 2017-09-01T00:15:38+08:00 ] ::1 /myTaoBao/index.php/Public/js/generateCode.js
INFO: [ app_init ] --START--
INFO: Run Behavior\BuildLiteBehavior [ RunTime:0.000048s ]
INFO: [ app_init ] --END-- [ RunTime:0.000796s ]
ERR: 无法加载模块:Public

[ 2017-09-01T00:15:38+08:00 ] ::1 /myTaoBao/index.php/Public/js/register.js
INFO: [ app_init ] --START--
INFO: Run Behavior\BuildLiteBehavior [ RunTime:0.000040s ]
INFO: [ app_init ] --END-- [ RunTime:0.002100s ]
ERR: 无法加载模块:Public

[ 2017-09-01T00:15:38+08:00 ] ::1 /myTaoBao/index.php/Public/js/regExpManger.js
INFO: [ app_init ] --START--
INFO: Run Behavior\BuildLiteBehavior [ RunTime:0.000049s ]
INFO: [ app_init ] --END-- [ RunTime:0.001261s ]
ERR: 无法加载模块:Public

[ 2017-09-01T00:15:38+08:00 ] ::1 /myTaoBao/index.php/Public/css/index.css
INFO: [ app_init ] --START--
INFO: Run Behavior\BuildLiteBehavior [ RunTime:0.000052s ]
INFO: [ app_init ] --END-- [ RunTime:0.001032s ]
ERR: 无法加载模块:Public

[ 2017-09-01T00:15:38+08:00 ] ::1 /myTaoBao/index.php/Public/js/generateCode.js
INFO: [ app_init ] --START--
INFO: Run Behavior\BuildLiteBehavior [ RunTime:0.000032s ]
INFO: [ app_init ] --END-- [ RunTime:0.000745s ]
ERR: 无法加载模块:Public

[ 2017-09-01T00:15:38+08:00 ] ::1 /myTaoBao/index.php/Public/js/register.js
INFO: [ app_init ] --START--
INFO: Run Behavior\BuildLiteBehavior [ RunTime:0.000029s ]
INFO: [ app_init ] --END-- [ RunTime:0.000511s ]
ERR: 无法加载模块:Public

[ 2017-09-01T00:20:19+08:00 ] ::1 /myTaoBao/index.php/Public/css/index.css
INFO: [ app_init ] --START--
INFO: Run Behavior\BuildLiteBehavior [ RunTime:0.000055s ]
INFO: [ app_init ] --END-- [ RunTime:0.000931s ]
ERR: 无法加载模块:Public

[ 2017-09-01T00:20:20+08:00 ] ::1 /myTaoBao/index.php/Public/js/regExpManger.js
INFO: [ app_init ] --START--
INFO: Run Behavior\BuildLiteBehavior [ RunTime:0.000047s ]
INFO: [ app_init ] --END-- [ RunTime:0.000878s ]
ERR: 无法加载模块:Public

[ 2017-09-01T00:20:20+08:00 ] ::1 /myTaoBao/index.php/Public/js/generateCode.js
INFO: [ app_init ] --START--
INFO: Run Behavior\BuildLiteBehavior [ RunTime:0.000050s ]
INFO: [ app_init ] --END-- [ RunTime:0.000866s ]
ERR: 无法加载模块:Public

[ 2017-09-01T00:20:20+08:00 ] ::1 /myTaoBao/index.php/Public/js/register.js
INFO: [ app_init ] --START--
INFO: Run Behavior\BuildLiteBehavior [ RunTime:0.000111s ]
INFO: [ app_init ] --END-- [ RunTime:0.001437s ]
ERR: 无法加载模块:Public

[ 2017-09-01T01:06:32+08:00 ] ::1 /myTaoBao/index.php/Public/css/index.css
INFO: [ app_init ] --START--
INFO: Run Behavior\BuildLiteBehavior [ RunTime:0.000066s ]
INFO: [ app_init ] --END-- [ RunTime:0.000832s ]
ERR: 无法加载模块:Public

[ 2017-09-01T01:06:32+08:00 ] ::1 /myTaoBao/index.php/Public/js/regExpManger.js
INFO: [ app_init ] --START--
INFO: Run Behavior\BuildLiteBehavior [ RunTime:0.000056s ]
INFO: [ app_init ] --END-- [ RunTime:0.001111s ]
ERR: 无法加载模块:Public

[ 2017-09-01T01:06:32+08:00 ] ::1 /myTaoBao/index.php/Public/js/register.js
INFO: [ app_init ] --START--
INFO: Run Behavior\BuildLiteBehavior [ RunTime:0.000048s ]
INFO: [ app_init ] --END-- [ RunTime:0.000947s ]
ERR: 无法加载模块:Public

[ 2017-09-01T01:06:32+08:00 ] ::1 /myTaoBao/index.php/Public/js/generateCode.js
INFO: [ app_init ] --START--
INFO: Run Behavior\BuildLiteBehavior [ RunTime:0.000029s ]
INFO: [ app_init ] --END-- [ RunTime:0.000618s ]
ERR: 无法加载模块:Public

[ 2017-09-01T01:06:32+08:00 ] ::1 /myTaoBao/index.php/Public/js/register.js
INFO: [ app_init ] --START--
INFO: Run Behavior\BuildLiteBehavior [ RunTime:0.000030s ]
INFO: [ app_init ] --END-- [ RunTime:0.000580s ]
ERR: 无法加载模块:Public

[ 2017-09-01T01:07:27+08:00 ] ::1 /myTaoBao/index.php/Public/js/regExpManger.js
INFO: [ app_init ] --START--
INFO: Run Behavior\BuildLiteBehavior [ RunTime:0.000049s ]
INFO: [ app_init ] --END-- [ RunTime:0.000907s ]
ERR: 无法加载模块:Public

[ 2017-09-01T01:07:27+08:00 ] ::1 /myTaoBao/index.php/Public/js/generateCode.js
INFO: [ app_init ] --START--
INFO: Run Behavior\BuildLiteBehavior [ RunTime:0.000097s ]
INFO: [ app_init ] --END-- [ RunTime:0.001101s ]
ERR: 无法加载模块:Public

[ 2017-09-01T01:07:27+08:00 ] ::1 /myTaoBao/index.php/Public/js/register.js
INFO: [ app_init ] --START--
INFO: Run Behavior\BuildLiteBehavior [ RunTime:0.000029s ]
INFO: [ app_init ] --END-- [ RunTime:0.000651s ]
ERR: 无法加载模块:Public

[ 2017-09-01T01:09:15+08:00 ] ::1 /myTaoBao/index.php/Public/js/regExpManger.js
INFO: [ app_init ] --START--
INFO: Run Behavior\BuildLiteBehavior [ RunTime:0.000050s ]
INFO: [ app_init ] --END-- [ RunTime:0.001307s ]
ERR: 无法加载模块:Public

[ 2017-09-01T01:09:15+08:00 ] ::1 /myTaoBao/index.php/Public/js/generateCode.js
INFO: [ app_init ] --START--
INFO: Run Behavior\BuildLiteBehavior [ RunTime:0.000050s ]
INFO: [ app_init ] --END-- [ RunTime:0.000815s ]
ERR: 无法加载模块:Public

[ 2017-09-01T01:09:15+08:00 ] ::1 /myTaoBao/index.php/Public/js/register.js
INFO: [ app_init ] --START--
INFO: Run Behavior\BuildLiteBehavior [ RunTime:0.000048s ]
INFO: [ app_init ] --END-- [ RunTime:0.000849s ]
ERR: 无法加载模块:Public

[ 2017-09-01T01:09:15+08:00 ] ::1 /myTaoBao/index.php/Public/js/regExpManger.js
INFO: [ app_init ] --START--
INFO: Run Behavior\BuildLiteBehavior [ RunTime:0.000032s ]
INFO: [ app_init ] --END-- [ RunTime:0.000543s ]
ERR: 无法加载模块:Public

[ 2017-09-01T01:09:15+08:00 ] ::1 /myTaoBao/index.php/Public/js/generateCode.js
INFO: [ app_init ] --START--
INFO: Run Behavior\BuildLiteBehavior [ RunTime:0.000034s ]
INFO: [ app_init ] --END-- [ RunTime:0.000585s ]
ERR: 无法加载模块:Public

[ 2017-09-01T01:09:15+08:00 ] ::1 /myTaoBao/index.php/Public/js/register.js
INFO: [ app_init ] --START--
INFO: Run Behavior\BuildLiteBehavior [ RunTime:0.000029s ]
INFO: [ app_init ] --END-- [ RunTime:0.000559s ]
ERR: 无法加载模块:Public

[ 2017-09-01T14:12:52+08:00 ] ::1 /myTaoBao/Public/img/default.png
INFO: [ app_init ] --START--
INFO: Run Behavior\BuildLiteBehavior [ RunTime:0.000052s ]
INFO: [ app_init ] --END-- [ RunTime:0.001065s ]

[ 2017-09-01T14:15:02+08:00 ] ::1 /myTaoBao/Public/img/error.png
INFO: [ app_init ] --START--
INFO: Run Behavior\BuildLiteBehavior [ RunTime:0.000084s ]
INFO: [ app_init ] --END-- [ RunTime:0.001716s ]

[ 2017-09-01T14:15:04+08:00 ] ::1 /myTaoBao/Public/img/right.png
INFO: [ app_init ] --START--
INFO: Run Behavior\BuildLiteBehavior [ RunTime:0.000045s ]
INFO: [ app_init ] --END-- [ RunTime:0.000708s ]

[ 2017-09-01T14:15:06+08:00 ] ::1 /myTaoBao/Public/img/ruo.png
INFO: [ app_init ] --START--
INFO: Run Behavior\BuildLiteBehavior [ RunTime:0.000046s ]
INFO: [ app_init ] --END-- [ RunTime:0.000910s ]

[ 2017-09-01T17:46:38+08:00 ] ::1 /myTaoBao/Public/js/js/100.js
INFO: [ app_init ] --START--
INFO: Run Behavior\BuildLiteBehavior [ RunTime:0.000046s ]
INFO: [ app_init ] --END-- [ RunTime:0.000862s ]
ERR: 无法加载模块:Public

[ 2017-09-01T17:46:38+08:00 ] ::1 /myTaoBao/Public/js/js/100.js
INFO: [ app_init ] --START--
INFO: Run Behavior\BuildLiteBehavior [ RunTime:0.000034s ]
INFO: [ app_init ] --END-- [ RunTime:0.000827s ]
ERR: 无法加载模块:Public

[ 2017-09-01T17:46:38+08:00 ] ::1 /MyTaoBao/index.php/Home/img/content/media2.gif
INFO: [ app_init ] --START--
INFO: Run Behavior\BuildLiteBehavior [ RunTime:0.000048s ]
INFO: [ app_init ] --END-- [ RunTime:0.000764s ]

[ 2017-09-01T17:46:38+08:00 ] ::1 /MyTaoBao/index.php/Home/img/content/media4.gif
INFO: [ app_init ] --START--
INFO: Run Behavior\BuildLiteBehavior [ RunTime:0.000047s ]
INFO: [ app_init ] --END-- [ RunTime:0.000852s ]

[ 2017-09-01T17:46:38+08:00 ] ::1 /MyTaoBao/index.php/Home/img/content/media3.gif
INFO: [ app_init ] --START--
INFO: Run Behavior\BuildLiteBehavior [ RunTime:0.000048s ]
INFO: [ app_init ] --END-- [ RunTime:0.000759s ]

[ 2017-09-01T17:46:38+08:00 ] ::1 /myTaoBao/Public/img/header_link_bg.gif
INFO: [ app_init ] --START--
INFO: Run Behavior\BuildLiteBehavior [ RunTime:0.000053s ]
INFO: [ app_init ] --END-- [ RunTime:0.000905s ]

[ 2017-09-01T17:46:38+08:00 ] ::1 /myTaoBao/Public/img/nav_bg.png
INFO: [ app_init ] --START--
INFO: Run Behavior\BuildLiteBehavior [ RunTime:0.000055s ]
INFO: [ app_init ] --END-- [ RunTime:0.001023s ]

[ 2017-09-01T17:46:38+08:00 ] ::1 /myTaoBao/Public/img/search_img.png
INFO: [ app_init ] --START--
INFO: Run Behavior\BuildLiteBehavior [ RunTime:0.000048s ]
INFO: [ app_init ] --END-- [ RunTime:0.000765s ]

[ 2017-09-01T17:46:38+08:00 ] ::1 /myTaoBao/Public/img/video_bg.gif
INFO: [ app_init ] --START--
INFO: Run Behavior\BuildLiteBehavior [ RunTime:0.000043s ]
INFO: [ app_init ] --END-- [ RunTime:0.000834s ]

[ 2017-09-01T17:46:38+08:00 ] ::1 /myTaoBao/Public/img/dot.gif
INFO: [ app_init ] --START--
INFO: Run Behavior\BuildLiteBehavior [ RunTime:0.000047s ]
INFO: [ app_init ] --END-- [ RunTime:0.000819s ]

[ 2017-09-01T17:46:38+08:00 ] ::1 /MyTaoBao/index.php/Home/img/content/media1.gif
INFO: [ app_init ] --START--
INFO: Run Behavior\BuildLiteBehavior [ RunTime:0.000050s ]
INFO: [ app_init ] --END-- [ RunTime:0.000909s ]

[ 2017-09-01T17:46:38+08:00 ] ::1 /myTaoBao/Public/img/hot_list_li_bg.gif
INFO: [ app_init ] --START--
INFO: Run Behavior\BuildLiteBehavior [ RunTime:0.000048s ]
INFO: [ app_init ] --END-- [ RunTime:0.000781s ]

[ 2017-09-01T17:46:38+08:00 ] ::1 /myTaoBao/Public/img/content/recommend_list_ico1.gif
INFO: [ app_init ] --START--
INFO: Run Behavior\BuildLiteBehavior [ RunTime:0.000045s ]
INFO: [ app_init ] --END-- [ RunTime:0.000853s ]

[ 2017-09-01T17:46:38+08:00 ] ::1 /myTaoBao/Public/img/content/recommend_list_ico2.gif
INFO: [ app_init ] --START--
INFO: Run Behavior\BuildLiteBehavior [ RunTime:0.000058s ]
INFO: [ app_init ] --END-- [ RunTime:0.001822s ]

[ 2017-09-01T17:46:38+08:00 ] ::1 /myTaoBao/Public/img/new_title_bg.gif
INFO: [ app_init ] --START--
INFO: Run Behavior\BuildLiteBehavior [ RunTime:0.000048s ]
INFO: [ app_init ] --END-- [ RunTime:0.001010s ]

[ 2017-09-01T17:46:38+08:00 ] ::1 /myTaoBao/Public/img/more.gif
INFO: [ app_init ] --START--
INFO: Run Behavior\BuildLiteBehavior [ RunTime:0.000046s ]
INFO: [ app_init ] --END-- [ RunTime:0.000795s ]

[ 2017-09-01T17:46:38+08:00 ] ::1 /myTaoBao/Public/img/ico1.gif
INFO: [ app_init ] --START--
INFO: Run Behavior\BuildLiteBehavior [ RunTime:0.000047s ]
INFO: [ app_init ] --END-- [ RunTime:0.000789s ]

[ 2017-09-01T17:46:38+08:00 ] ::1 /myTaoBao/Public/img/btn.gif
INFO: [ app_init ] --START--
INFO: Run Behavior\BuildLiteBehavior [ RunTime:0.000046s ]
INFO: [ app_init ] --END-- [ RunTime:0.000824s ]

[ 2017-09-01T17:46:38+08:00 ] ::1 /myTaoBao/Public/img/help.gif
INFO: [ app_init ] --START--
INFO: Run Behavior\BuildLiteBehavior [ RunTime:0.000049s ]
INFO: [ app_init ] --END-- [ RunTime:0.001045s ]

[ 2017-09-01T17:53:21+08:00 ] ::1 /myTaoBao/Public/js/js/100.js
INFO: [ app_init ] --START--
INFO: Run Behavior\BuildLiteBehavior [ RunTime:0.000043s ]
INFO: [ app_init ] --END-- [ RunTime:0.000593s ]
ERR: 无法加载模块:Public

[ 2017-09-01T17:53:21+08:00 ] ::1 /MyTaoBao/index.php/Home/img/content/media1.gif
INFO: [ app_init ] --START--
INFO: Run Behavior\BuildLiteBehavior [ RunTime:0.000050s ]
INFO: [ app_init ] --END-- [ RunTime:0.000881s ]

[ 2017-09-01T17:53:21+08:00 ] ::1 /MyTaoBao/index.php/Home/img/content/media2.gif
INFO: [ app_init ] --START--
INFO: Run Behavior\BuildLiteBehavior [ RunTime:0.000050s ]
INFO: [ app_init ] --END-- [ RunTime:0.000965s ]

[ 2017-09-01T17:53:21+08:00 ] ::1 /MyTaoBao/index.php/Home/img/content/media4.gif
INFO: [ app_init ] --START--
INFO: Run Behavior\BuildLiteBehavior [ RunTime:0.000046s ]
INFO: [ app_init ] --END-- [ RunTime:0.000752s ]

[ 2017-09-01T17:53:21+08:00 ] ::1 /MyTaoBao/index.php/Home/img/content/media3.gif
INFO: [ app_init ] --START--
INFO: Run Behavior\BuildLiteBehavior [ RunTime:0.000045s ]
INFO: [ app_init ] --END-- [ RunTime:0.000851s ]

[ 2017-09-01T17:53:21+08:00 ] ::1 /myTaoBao/Public/img/header_link_bg.gif
INFO: [ app_init ] --START--
INFO: Run Behavior\BuildLiteBehavior [ RunTime:0.000049s ]
INFO: [ app_init ] --END-- [ RunTime:0.000791s ]

[ 2017-09-01T17:53:21+08:00 ] ::1 /myTaoBao/Public/img/nav_bg.png
INFO: [ app_init ] --START--
INFO: Run Behavior\BuildLiteBehavior [ RunTime:0.000048s ]
INFO: [ app_init ] --END-- [ RunTime:0.001284s ]

[ 2017-09-01T17:53:21+08:00 ] ::1 /myTaoBao/Public/img/dot.gif
INFO: [ app_init ] --START--
INFO: Run Behavior\BuildLiteBehavior [ RunTime:0.000044s ]
INFO: [ app_init ] --END-- [ RunTime:0.000768s ]

[ 2017-09-01T17:53:21+08:00 ] ::1 /myTaoBao/Public/img/more.gif
INFO: [ app_init ] --START--
INFO: Run Behavior\BuildLiteBehavior [ RunTime:0.000049s ]
INFO: [ app_init ] --END-- [ RunTime:0.000807s ]

[ 2017-09-01T17:53:21+08:00 ] ::1 /myTaoBao/Public/img/search_img.png
INFO: [ app_init ] --START--
INFO: Run Behavior\BuildLiteBehavior [ RunTime:0.000053s ]
INFO: [ app_init ] --END-- [ RunTime:0.000925s ]

[ 2017-09-01T17:53:21+08:00 ] ::1 /myTaoBao/Public/img/video_bg.gif
INFO: [ app_init ] --START--
INFO: Run Behavior\BuildLiteBehavior [ RunTime:0.000049s ]
INFO: [ app_init ] --END-- [ RunTime:0.008720s ]

[ 2017-09-01T17:53:21+08:00 ] ::1 /myTaoBao/Public/img/hot_list_li_bg.gif
INFO: [ app_init ] --START--
INFO: Run Behavior\BuildLiteBehavior [ RunTime:0.000052s ]
INFO: [ app_init ] --END-- [ RunTime:0.000940s ]

[ 2017-09-01T17:53:21+08:00 ] ::1 /myTaoBao/Public/img/new_title_bg.gif
INFO: [ app_init ] --START--
INFO: Run Behavior\BuildLiteBehavior [ RunTime:0.000047s ]
INFO: [ app_init ] --END-- [ RunTime:0.000807s ]

[ 2017-09-01T17:53:21+08:00 ] ::1 /myTaoBao/Public/img/content/recommend_list_ico2.gif
INFO: [ app_init ] --START--
INFO: Run Behavior\BuildLiteBehavior [ RunTime:0.000051s ]
INFO: [ app_init ] --END-- [ RunTime:0.001406s ]

[ 2017-09-01T17:53:21+08:00 ] ::1 /myTaoBao/Public/img/ico1.gif
INFO: [ app_init ] --START--
INFO: Run Behavior\BuildLiteBehavior [ RunTime:0.000052s ]
INFO: [ app_init ] --END-- [ RunTime:0.000834s ]

[ 2017-09-01T17:53:21+08:00 ] ::1 /myTaoBao/Public/img/content/recommend_list_ico1.gif
INFO: [ app_init ] --START--
INFO: Run Behavior\BuildLiteBehavior [ RunTime:0.000051s ]
INFO: [ app_init ] --END-- [ RunTime:0.001078s ]

[ 2017-09-01T17:53:21+08:00 ] ::1 /myTaoBao/Public/img/btn.gif
INFO: [ app_init ] --START--
INFO: Run Behavior\BuildLiteBehavior [ RunTime:0.000058s ]
INFO: [ app_init ] --END-- [ RunTime:0.001030s ]

[ 2017-09-01T17:53:21+08:00 ] ::1 /myTaoBao/Public/img/help.gif
INFO: [ app_init ] --START--
INFO: Run Behavior\BuildLiteBehavior [ RunTime:0.000047s ]
INFO: [ app_init ] --END-- [ RunTime:0.000887s ]

[ 2017-09-01T17:53:25+08:00 ] ::1 /MyTaoBao/index.php/Home/img/content/media1.gif
INFO: [ app_init ] --START--
INFO: Run Behavior\BuildLiteBehavior [ RunTime:0.000045s ]
INFO: [ app_init ] --END-- [ RunTime:0.001024s ]

[ 2017-09-01T17:53:25+08:00 ] ::1 /myTaoBao/Public/js/js/100.js
INFO: [ app_init ] --START--
INFO: Run Behavior\BuildLiteBehavior [ RunTime:0.000047s ]
INFO: [ app_init ] --END-- [ RunTime:0.000937s ]
ERR: 无法加载模块:Public

[ 2017-09-01T17:53:25+08:00 ] ::1 /MyTaoBao/index.php/Home/img/content/media4.gif
INFO: [ app_init ] --START--
INFO: Run Behavior\BuildLiteBehavior [ RunTime:0.000052s ]
INFO: [ app_init ] --END-- [ RunTime:0.000802s ]

[ 2017-09-01T17:53:25+08:00 ] ::1 /MyTaoBao/index.php/Home/img/content/media3.gif
INFO: [ app_init ] --START--
INFO: Run Behavior\BuildLiteBehavior [ RunTime:0.000058s ]
INFO: [ app_init ] --END-- [ RunTime:0.001076s ]

[ 2017-09-01T17:53:25+08:00 ] ::1 /myTaoBao/Public/img/search_img.png
INFO: [ app_init ] --START--
INFO: Run Behavior\BuildLiteBehavior [ RunTime:0.000051s ]
INFO: [ app_init ] --END-- [ RunTime:0.000825s ]

[ 2017-09-01T17:53:25+08:00 ] ::1 /MyTaoBao/index.php/Home/img/content/media2.gif
INFO: [ app_init ] --START--
INFO: Run Behavior\BuildLiteBehavior [ RunTime:0.000049s ]
INFO: [ app_init ] --END-- [ RunTime:0.000883s ]

[ 2017-09-01T17:53:25+08:00 ] ::1 /myTaoBao/Public/img/nav_bg.png
INFO: [ app_init ] --START--
INFO: Run Behavior\BuildLiteBehavior [ RunTime:0.000047s ]
INFO: [ app_init ] --END-- [ RunTime:0.000847s ]

[ 2017-09-01T17:53:25+08:00 ] ::1 /myTaoBao/Public/img/header_link_bg.gif
INFO: [ app_init ] --START--
INFO: Run Behavior\BuildLiteBehavior [ RunTime:0.000047s ]
INFO: [ app_init ] --END-- [ RunTime:0.000802s ]

[ 2017-09-01T17:53:25+08:00 ] ::1 /myTaoBao/Public/img/video_bg.gif
INFO: [ app_init ] --START--
INFO: Run Behavior\BuildLiteBehavior [ RunTime:0.000067s ]
INFO: [ app_init ] --END-- [ RunTime:0.000997s ]

[ 2017-09-01T17:53:25+08:00 ] ::1 /myTaoBao/Public/img/content/recommend_list_ico1.gif
INFO: [ app_init ] --START--
INFO: Run Behavior\BuildLiteBehavior [ RunTime:0.000046s ]
INFO: [ app_init ] --END-- [ RunTime:0.000780s ]

[ 2017-09-01T17:53:25+08:00 ] ::1 /myTaoBao/Public/img/more.gif
INFO: [ app_init ] --START--
INFO: Run Behavior\BuildLiteBehavior [ RunTime:0.000051s ]
INFO: [ app_init ] --END-- [ RunTime:0.001071s ]

[ 2017-09-01T17:53:25+08:00 ] ::1 /myTaoBao/Public/img/hot_list_li_bg.gif
INFO: [ app_init ] --START--
INFO: Run Behavior\BuildLiteBehavior [ RunTime:0.000051s ]
INFO: [ app_init ] --END-- [ RunTime:0.000850s ]

[ 2017-09-01T17:53:25+08:00 ] ::1 /myTaoBao/Public/img/content/recommend_list_ico2.gif
INFO: [ app_init ] --START--
INFO: Run Behavior\BuildLiteBehavior [ RunTime:0.000047s ]
INFO: [ app_init ] --END-- [ RunTime:0.000786s ]

[ 2017-09-01T17:53:25+08:00 ] ::1 /myTaoBao/Public/img/dot.gif
INFO: [ app_init ] --START--
INFO: Run Behavior\BuildLiteBehavior [ RunTime:0.000048s ]
INFO: [ app_init ] --END-- [ RunTime:0.000866s ]

[ 2017-09-01T17:53:25+08:00 ] ::1 /myTaoBao/Public/img/new_title_bg.gif
INFO: [ app_init ] --START--
INFO: Run Behavior\BuildLiteBehavior [ RunTime:0.000046s ]
INFO: [ app_init ] --END-- [ RunTime:0.000890s ]

[ 2017-09-01T17:53:25+08:00 ] ::1 /myTaoBao/Public/img/ico1.gif
INFO: [ app_init ] --START--
INFO: Run Behavior\BuildLiteBehavior [ RunTime:0.000049s ]
INFO: [ app_init ] --END-- [ RunTime:0.001027s ]

[ 2017-09-01T17:53:25+08:00 ] ::1 /myTaoBao/Public/img/btn.gif
INFO: [ app_init ] --START--
INFO: Run Behavior\BuildLiteBehavior [ RunTime:0.000043s ]
INFO: [ app_init ] --END-- [ RunTime:0.000801s ]

[ 2017-09-01T17:53:25+08:00 ] ::1 /myTaoBao/Public/img/help.gif
INFO: [ app_init ] --START--
INFO: Run Behavior\BuildLiteBehavior [ RunTime:0.000045s ]
INFO: [ app_init ] --END-- [ RunTime:0.000845s ]

[ 2017-09-01T17:57:08+08:00 ] ::1 /myTaoBao/Public/js/js/100.js
INFO: [ app_init ] --START--
INFO: Run Behavior\BuildLiteBehavior [ RunTime:0.000030s ]
INFO: [ app_init ] --END-- [ RunTime:0.000608s ]
ERR: 无法加载模块:Public

[ 2017-09-01T17:57:08+08:00 ] ::1 /MyTaoBao/index.php/Home/img/content/media1.gif
INFO: [ app_init ] --START--
INFO: Run Behavior\BuildLiteBehavior [ RunTime:0.000028s ]
INFO: [ app_init ] --END-- [ RunTime:0.000531s ]

[ 2017-09-01T17:57:08+08:00 ] ::1 /MyTaoBao/index.php/Home/img/content/media2.gif
INFO: [ app_init ] --START--
INFO: Run Behavior\BuildLiteBehavior [ RunTime:0.000029s ]
INFO: [ app_init ] --END-- [ RunTime:0.000560s ]

[ 2017-09-01T17:57:08+08:00 ] ::1 /MyTaoBao/index.php/Home/img/content/media3.gif
INFO: [ app_init ] --START--
INFO: Run Behavior\BuildLiteBehavior [ RunTime:0.000047s ]
INFO: [ app_init ] --END-- [ RunTime:0.000838s ]

[ 2017-09-01T17:57:08+08:00 ] ::1 /myTaoBao/Public/img/nav_bg.png
INFO: [ app_init ] --START--
INFO: Run Behavior\BuildLiteBehavior [ RunTime:0.000052s ]
INFO: [ app_init ] --END-- [ RunTime:0.000847s ]

[ 2017-09-01T17:57:08+08:00 ] ::1 /myTaoBao/Public/img/search_img.png
INFO: [ app_init ] --START--
INFO: Run Behavior\BuildLiteBehavior [ RunTime:0.000048s ]
INFO: [ app_init ] --END-- [ RunTime:0.000777s ]

[ 2017-09-01T17:57:08+08:00 ] ::1 /MyTaoBao/index.php/Home/img/content/media4.gif
INFO: [ app_init ] --START--
INFO: Run Behavior\BuildLiteBehavior [ RunTime:0.000049s ]
INFO: [ app_init ] --END-- [ RunTime:0.001062s ]

[ 2017-09-01T17:57:08+08:00 ] ::1 /myTaoBao/Public/img/header_link_bg.gif
INFO: [ app_init ] --START--
INFO: Run Behavior\BuildLiteBehavior [ RunTime:0.000049s ]
INFO: [ app_init ] --END-- [ RunTime:0.006036s ]

[ 2017-09-01T17:57:08+08:00 ] ::1 /myTaoBao/Public/img/dot.gif
INFO: [ app_init ] --START--
INFO: Run Behavior\BuildLiteBehavior [ RunTime:0.000056s ]
INFO: [ app_init ] --END-- [ RunTime:0.000937s ]

[ 2017-09-01T17:57:08+08:00 ] ::1 /myTaoBao/Public/img/hot_list_li_bg.gif
INFO: [ app_init ] --START--
INFO: Run Behavior\BuildLiteBehavior [ RunTime:0.000052s ]
INFO: [ app_init ] --END-- [ RunTime:0.001739s ]

[ 2017-09-01T17:57:08+08:00 ] ::1 /myTaoBao/Public/img/video_bg.gif
INFO: [ app_init ] --START--
INFO: Run Behavior\BuildLiteBehavior [ RunTime:0.000049s ]
INFO: [ app_init ] --END-- [ RunTime:0.001923s ]

[ 2017-09-01T17:57:08+08:00 ] ::1 /myTaoBao/Public/img/more.gif
INFO: [ app_init ] --START--
INFO: Run Behavior\BuildLiteBehavior [ RunTime:0.000046s ]
INFO: [ app_init ] --END-- [ RunTime:0.000771s ]

[ 2017-09-01T17:57:08+08:00 ] ::1 /myTaoBao/Public/img/content/recommend_list_ico2.gif
INFO: [ app_init ] --START--
INFO: Run Behavior\BuildLiteBehavior [ RunTime:0.000048s ]
INFO: [ app_init ] --END-- [ RunTime:0.001145s ]

[ 2017-09-01T17:57:08+08:00 ] ::1 /myTaoBao/Public/img/help.gif
INFO: [ app_init ] --START--
INFO: Run Behavior\BuildLiteBehavior [ RunTime:0.000063s ]
INFO: [ app_init ] --END-- [ RunTime:0.000846s ]

[ 2017-09-01T17:57:08+08:00 ] ::1 /myTaoBao/Public/img/content/recommend_list_ico1.gif
INFO: [ app_init ] --START--
INFO: Run Behavior\BuildLiteBehavior [ RunTime:0.000048s ]
INFO: [ app_init ] --END-- [ RunTime:0.000838s ]

[ 2017-09-01T17:57:08+08:00 ] ::1 /myTaoBao/Public/img/new_title_bg.gif
INFO: [ app_init ] --START--
INFO: Run Behavior\BuildLiteBehavior [ RunTime:0.000044s ]
INFO: [ app_init ] --END-- [ RunTime:0.000769s ]

[ 2017-09-01T17:57:11+08:00 ] ::1 /MyTaoBao/index.php/Home/img/content/media1.gif
INFO: [ app_init ] --START--
INFO: Run Behavior\BuildLiteBehavior [ RunTime:0.000029s ]
INFO: [ app_init ] --END-- [ RunTime:0.000540s ]

[ 2017-09-01T17:57:11+08:00 ] ::1 /myTaoBao/Public/js/js/100.js
INFO: [ app_init ] --START--
INFO: Run Behavior\BuildLiteBehavior [ RunTime:0.000047s ]
INFO: [ app_init ] --END-- [ RunTime:0.000803s ]
ERR: 无法加载模块:Public

[ 2017-09-01T17:57:11+08:00 ] ::1 /MyTaoBao/index.php/Home/img/content/media2.gif
INFO: [ app_init ] --START--
INFO: Run Behavior\BuildLiteBehavior [ RunTime:0.000046s ]
INFO: [ app_init ] --END-- [ RunTime:0.000847s ]

[ 2017-09-01T17:57:11+08:00 ] ::1 /MyTaoBao/index.php/Home/img/content/media3.gif
INFO: [ app_init ] --START--
INFO: Run Behavior\BuildLiteBehavior [ RunTime:0.000045s ]
INFO: [ app_init ] --END-- [ RunTime:0.000789s ]

[ 2017-09-01T17:57:11+08:00 ] ::1 /MyTaoBao/index.php/Home/img/content/media4.gif
INFO: [ app_init ] --START--
INFO: Run Behavior\BuildLiteBehavior [ RunTime:0.000046s ]
INFO: [ app_init ] --END-- [ RunTime:0.000889s ]

[ 2017-09-01T18:09:08+08:00 ] ::1 /myTaoBao/Public/js/js/100.js
INFO: [ app_init ] --START--
INFO: Run Behavior\BuildLiteBehavior [ RunTime:0.000046s ]
INFO: [ app_init ] --END-- [ RunTime:0.000844s ]
ERR: 无法加载模块:Public

[ 2017-09-01T18:09:17+08:00 ] ::1 /myTaoBao/Public/js/js/100.js
INFO: [ app_init ] --START--
INFO: Run Behavior\BuildLiteBehavior [ RunTime:0.000048s ]
INFO: [ app_init ] --END-- [ RunTime:0.000886s ]
ERR: 无法加载模块:Public

[ 2017-09-01T18:09:25+08:00 ] ::1 /myTaoBao/Public/js/js/100.js
INFO: [ app_init ] --START--
INFO: Run Behavior\BuildLiteBehavior [ RunTime:0.000045s ]
INFO: [ app_init ] --END-- [ RunTime:0.001026s ]
ERR: 无法加载模块:Public

[ 2017-09-01T18:41:02+08:00 ] ::1 /myTaoBao/Public/img/hot_list_li_bg.gif
INFO: [ app_init ] --START--
INFO: Run Behavior\BuildLiteBehavior [ RunTime:0.000028s ]
INFO: [ app_init ] --END-- [ RunTime:0.000557s ]

[ 2017-09-01T19:15:14+08:00 ] ::1 /myTaoBao/Public/img/search_img.png
INFO: [ app_init ] --START--
INFO: Run Behavior\BuildLiteBehavior [ RunTime:0.000050s ]
INFO: [ app_init ] --END-- [ RunTime:0.000799s ]

[ 2017-09-01T19:15:14+08:00 ] ::1 /myTaoBao/Public/img/more.gif
INFO: [ app_init ] --START--
INFO: Run Behavior\BuildLiteBehavior [ RunTime:0.000049s ]
INFO: [ app_init ] --END-- [ RunTime:0.000980s ]

[ 2017-09-01T19:15:14+08:00 ] ::1 /myTaoBao/Public/img/hot_list_li_bg.gif
INFO: [ app_init ] --START--
INFO: Run Behavior\BuildLiteBehavior [ RunTime:0.000044s ]
INFO: [ app_init ] --END-- [ RunTime:0.000826s ]

[ 2017-09-01T19:15:14+08:00 ] ::1 /myTaoBao/Public/img/video_bg.gif
INFO: [ app_init ] --START--
INFO: Run Behavior\BuildLiteBehavior [ RunTime:0.000048s ]
INFO: [ app_init ] --END-- [ RunTime:0.000831s ]

[ 2017-09-01T19:15:14+08:00 ] ::1 /myTaoBao/Public/img/content/recommend_list_ico1.gif
INFO: [ app_init ] --START--
INFO: Run Behavior\BuildLiteBehavior [ RunTime:0.000049s ]
INFO: [ app_init ] --END-- [ RunTime:0.002063s ]

[ 2017-09-01T19:15:14+08:00 ] ::1 /myTaoBao/Public/img/content/recommend_list_ico2.gif
INFO: [ app_init ] --START--
INFO: Run Behavior\BuildLiteBehavior [ RunTime:0.000046s ]
INFO: [ app_init ] --END-- [ RunTime:0.000802s ]

[ 2017-09-01T19:15:14+08:00 ] ::1 /myTaoBao/Public/img/header_link_bg.gif
INFO: [ app_init ] --START--
INFO: Run Behavior\BuildLiteBehavior [ RunTime:0.000051s ]
INFO: [ app_init ] --END-- [ RunTime:0.000817s ]

[ 2017-09-01T19:15:15+08:00 ] ::1 /myTaoBao/Public/img/btn.gif
INFO: [ app_init ] --START--
INFO: Run Behavior\BuildLiteBehavior [ RunTime:0.000055s ]
INFO: [ app_init ] --END-- [ RunTime:0.001213s ]

[ 2017-09-01T19:15:15+08:00 ] ::1 /myTaoBao/Public/img/dot.gif
INFO: [ app_init ] --START--
INFO: Run Behavior\BuildLiteBehavior [ RunTime:0.000054s ]
INFO: [ app_init ] --END-- [ RunTime:0.000811s ]

[ 2017-09-01T19:15:15+08:00 ] ::1 /myTaoBao/Public/img/help.gif
INFO: [ app_init ] --START--
INFO: Run Behavior\BuildLiteBehavior [ RunTime:0.000044s ]
INFO: [ app_init ] --END-- [ RunTime:0.000812s ]

[ 2017-09-01T19:15:14+08:00 ] ::1 /myTaoBao/Public/img/new_title_bg.gif
INFO: [ app_init ] --START--
INFO: Run Behavior\BuildLiteBehavior [ RunTime:0.000050s ]
INFO: [ app_init ] --END-- [ RunTime:0.001017s ]

[ 2017-09-01T19:15:15+08:00 ] ::1 /myTaoBao/Public/img/ico1.gif
INFO: [ app_init ] --START--
INFO: Run Behavior\BuildLiteBehavior [ RunTime:0.000046s ]
INFO: [ app_init ] --END-- [ RunTime:0.000989s ]

[ 2017-09-01T19:20:32+08:00 ] ::1 /myTaoBao/Public/img/hot_list_li_bg.gif
INFO: [ app_init ] --START--
INFO: Run Behavior\BuildLiteBehavior [ RunTime:0.000028s ]
INFO: [ app_init ] --END-- [ RunTime:0.000566s ]

[ 2017-09-01T19:38:06+08:00 ] ::1 /myTaoBao/Public/img/header_link_bg.gif
INFO: [ app_init ] --START--
INFO: Run Behavior\BuildLiteBehavior [ RunTime:0.000050s ]
INFO: [ app_init ] --END-- [ RunTime:0.000873s ]

[ 2017-09-01T19:38:06+08:00 ] ::1 /myTaoBao/Public/img/hot_list_li_bg.gif
INFO: [ app_init ] --START--
INFO: Run Behavior\BuildLiteBehavior [ RunTime:0.000044s ]
INFO: [ app_init ] --END-- [ RunTime:0.000795s ]

[ 2017-09-01T19:38:06+08:00 ] ::1 /myTaoBao/Public/img/video_bg.gif
INFO: [ app_init ] --START--
INFO: Run Behavior\BuildLiteBehavior [ RunTime:0.000050s ]
INFO: [ app_init ] --END-- [ RunTime:0.000979s ]

[ 2017-09-01T19:38:06+08:00 ] ::1 /myTaoBao/Public/img/content/recommend_list_ico1.gif
INFO: [ app_init ] --START--
INFO: Run Behavior\BuildLiteBehavior [ RunTime:0.000046s ]
INFO: [ app_init ] --END-- [ RunTime:0.000823s ]

[ 2017-09-01T19:38:06+08:00 ] ::1 /myTaoBao/Public/img/new_title_bg.gif
INFO: [ app_init ] --START--
INFO: Run Behavior\BuildLiteBehavior [ RunTime:0.000050s ]
INFO: [ app_init ] --END-- [ RunTime:0.000928s ]

[ 2017-09-01T19:38:06+08:00 ] ::1 /myTaoBao/Public/img/search_img.png
INFO: [ app_init ] --START--
INFO: Run Behavior\BuildLiteBehavior [ RunTime:0.000048s ]
INFO: [ app_init ] --END-- [ RunTime:0.000861s ]

[ 2017-09-01T19:38:06+08:00 ] ::1 /myTaoBao/Public/img/content/recommend_list_ico2.gif
INFO: [ app_init ] --START--
INFO: Run Behavior\BuildLiteBehavior [ RunTime:0.000051s ]
INFO: [ app_init ] --END-- [ RunTime:0.000898s ]

[ 2017-09-01T22:27:52+08:00 ] ::1 /myTaoBao/Public/img/header_link_bg.gif
INFO: [ app_init ] --START--
INFO: Run Behavior\BuildLiteBehavior [ RunTime:0.000046s ]
INFO: [ app_init ] --END-- [ RunTime:0.000772s ]

[ 2017-09-01T22:27:52+08:00 ] ::1 /myTaoBao/Public/img/hot_list_li_bg.gif
INFO: [ app_init ] --START--
INFO: Run Behavior\BuildLiteBehavior [ RunTime:0.000046s ]
INFO: [ app_init ] --END-- [ RunTime:0.000750s ]

[ 2017-09-01T22:27:52+08:00 ] ::1 /myTaoBao/Public/img/more.gif
INFO: [ app_init ] --START--
INFO: Run Behavior\BuildLiteBehavior [ RunTime:0.000049s ]
INFO: [ app_init ] --END-- [ RunTime:0.000947s ]

[ 2017-09-01T22:27:53+08:00 ] ::1 /myTaoBao/Public/img/content/recommend_list_ico1.gif
INFO: [ app_init ] --START--
INFO: Run Behavior\BuildLiteBehavior [ RunTime:0.000047s ]
INFO: [ app_init ] --END-- [ RunTime:0.000759s ]

[ 2017-09-01T22:27:52+08:00 ] ::1 /myTaoBao/Public/img/new_title_bg.gif
INFO: [ app_init ] --START--
INFO: Run Behavior\BuildLiteBehavior [ RunTime:0.000048s ]
INFO: [ app_init ] --END-- [ RunTime:0.000938s ]

[ 2017-09-01T22:27:52+08:00 ] ::1 /myTaoBao/Public/img/video_bg.gif
INFO: [ app_init ] --START--
INFO: Run Behavior\BuildLiteBehavior [ RunTime:0.000046s ]
INFO: [ app_init ] --END-- [ RunTime:0.000815s ]

[ 2017-09-01T22:27:52+08:00 ] ::1 /myTaoBao/Public/img/search_img.png
INFO: [ app_init ] --START--
INFO: Run Behavior\BuildLiteBehavior [ RunTime:0.000049s ]
INFO: [ app_init ] --END-- [ RunTime:0.000860s ]

[ 2017-09-01T22:27:53+08:00 ] ::1 /myTaoBao/Public/img/content/recommend_list_ico2.gif
INFO: [ app_init ] --START--
INFO: Run Behavior\BuildLiteBehavior [ RunTime:0.000047s ]
INFO: [ app_init ] --END-- [ RunTime:0.000754s ]

